<?xml version="1.0" encoding="UTF-8"?>
<!-- Generated by org.testng.reporters.JUnitXMLReporter -->
<testsuite hostname="LAPTOP-8F6L4JAL" name="Test" tests="3" failures="1" timestamp="3 Feb 2023 06:17:08 GMT" time="11.657" errors="0">
  <testcase name="loginBtnValidation" time="3.207" classname="sample.JenkinsEmailNotification.FlipkartTest"/>
  <testcase name="search" time="3.23" classname="sample.JenkinsEmailNotification.FlipkartTest"/>
  <testcase name="cartPageNavigation" time="5.177" classname="sample.JenkinsEmailNotification.FlipkartTest">
    <failure type="java.lang.AssertionError" message="null">
      <![CDATA[java.lang.AssertionError: null
	at sample.JenkinsEmailNotification.FlipkartTest.cartPageNavigation(FlipkartTest.java:85)
... Removed 26 stack frames]]>
    </failure>
  </testcase> <!-- cartPageNavigation -->
</testsuite> <!-- Test -->
