<?xml version="1.0" encoding="UTF-8"?>
<testng-results skipped="0" failed="1" total="3" passed="2">
  <reporter-output>
  </reporter-output>
  <suite name="Suite" duration-ms="11657" started-at="2023-02-03T06:16:56Z" finished-at="2023-02-03T06:17:08Z">
    <groups>
    </groups>
    <test name="Test" duration-ms="11657" started-at="2023-02-03T06:16:56Z" finished-at="2023-02-03T06:17:08Z">
      <class name="sample.JenkinsEmailNotification.FlipkartTest">
        <test-method status="PASS" signature="setUp()[pri:0, instance:sample.JenkinsEmailNotification.FlipkartTest@380fb434]" name="setUp" is-config="true" duration-ms="5276" started-at="2023-02-03T11:46:51Z" finished-at="2023-02-03T11:46:56Z">
          <reporter-output>
          </reporter-output>
        </test-method> <!-- setUp -->
        <test-method status="PASS" signature="loginBtnValidation()[pri:0, instance:sample.JenkinsEmailNotification.FlipkartTest@380fb434]" name="loginBtnValidation" duration-ms="3207" started-at="2023-02-03T11:46:56Z" finished-at="2023-02-03T11:46:59Z">
          <reporter-output>
          </reporter-output>
        </test-method> <!-- loginBtnValidation -->
        <test-method status="PASS" signature="afterMethod(org.testng.ITestResult)[pri:0, instance:sample.JenkinsEmailNotification.FlipkartTest@380fb434]" name="afterMethod" is-config="true" duration-ms="16" started-at="2023-02-03T11:46:59Z" finished-at="2023-02-03T11:46:59Z">
          <params>
            <param index="0">
              <value>
                <![CDATA[[TestResult name=loginBtnValidation status=SUCCESS method=FlipkartTest.loginBtnValidation()[pri:0, instance:sample.JenkinsEmailNotification.FlipkartTest@380fb434] output={null}]]]>
              </value>
            </param>
          </params>
          <reporter-output>
          </reporter-output>
        </test-method> <!-- afterMethod -->
        <test-method status="PASS" signature="search()[pri:1, instance:sample.JenkinsEmailNotification.FlipkartTest@380fb434]" name="search" duration-ms="3230" started-at="2023-02-03T11:46:59Z" finished-at="2023-02-03T11:47:03Z">
          <reporter-output>
          </reporter-output>
        </test-method> <!-- search -->
        <test-method status="PASS" signature="afterMethod(org.testng.ITestResult)[pri:0, instance:sample.JenkinsEmailNotification.FlipkartTest@380fb434]" name="afterMethod" is-config="true" duration-ms="1" started-at="2023-02-03T11:47:03Z" finished-at="2023-02-03T11:47:03Z">
          <params>
            <param index="0">
              <value>
                <![CDATA[[TestResult name=search status=SUCCESS method=FlipkartTest.search()[pri:1, instance:sample.JenkinsEmailNotification.FlipkartTest@380fb434] output={null}]]]>
              </value>
            </param>
          </params>
          <reporter-output>
          </reporter-output>
        </test-method> <!-- afterMethod -->
        <test-method status="FAIL" signature="cartPageNavigation()[pri:2, instance:sample.JenkinsEmailNotification.FlipkartTest@380fb434]" name="cartPageNavigation" duration-ms="5177" started-at="2023-02-03T11:47:03Z" finished-at="2023-02-03T11:47:08Z">
          <exception class="java.lang.AssertionError">
            <message>
              <![CDATA[null]]>
            </message>
            <full-stacktrace>
              <![CDATA[java.lang.AssertionError: null
	at org.testng.Assert.fail(Assert.java:94)
	at org.testng.Assert.fail(Assert.java:101)
	at sample.JenkinsEmailNotification.FlipkartTest.cartPageNavigation(FlipkartTest.java:85)
	at sun.reflect.NativeMethodAccessorImpl.invoke0(Native Method)
	at sun.reflect.NativeMethodAccessorImpl.invoke(NativeMethodAccessorImpl.java:62)
	at sun.reflect.DelegatingMethodAccessorImpl.invoke(DelegatingMethodAccessorImpl.java:43)
	at java.lang.reflect.Method.invoke(Method.java:498)
	at org.testng.internal.MethodInvocationHelper.invokeMethod(MethodInvocationHelper.java:86)
	at org.testng.internal.Invoker.invokeMethod(Invoker.java:645)
	at org.testng.internal.Invoker.invokeTestMethod(Invoker.java:822)
	at org.testng.internal.Invoker.invokeTestMethods(Invoker.java:1130)
	at org.testng.internal.TestMethodWorker.invokeTestMethods(TestMethodWorker.java:129)
	at org.testng.internal.TestMethodWorker.run(TestMethodWorker.java:112)
	at org.testng.TestRunner.privateRun(TestRunner.java:782)
	at org.testng.TestRunner.run(TestRunner.java:632)
	at org.testng.SuiteRunner.runTest(SuiteRunner.java:366)
	at org.testng.SuiteRunner.runSequentially(SuiteRunner.java:361)
	at org.testng.SuiteRunner.privateRun(SuiteRunner.java:319)
	at org.testng.SuiteRunner.run(SuiteRunner.java:268)
	at org.testng.SuiteRunnerWorker.runSuite(SuiteRunnerWorker.java:52)
	at org.testng.SuiteRunnerWorker.run(SuiteRunnerWorker.java:86)
	at org.testng.TestNG.runSuitesSequentially(TestNG.java:1244)
	at org.testng.TestNG.runSuitesLocally(TestNG.java:1169)
	at org.testng.TestNG.run(TestNG.java:1064)
	at org.testng.remote.RemoteTestNG.run(RemoteTestNG.java:113)
	at org.testng.remote.RemoteTestNG.initAndRun(RemoteTestNG.java:206)
	at org.testng.remote.RemoteTestNG.main(RemoteTestNG.java:177)
]]>
            </full-stacktrace>
          </exception> <!-- java.lang.AssertionError -->
          <reporter-output>
          </reporter-output>
        </test-method> <!-- cartPageNavigation -->
        <test-method status="PASS" signature="afterMethod(org.testng.ITestResult)[pri:0, instance:sample.JenkinsEmailNotification.FlipkartTest@380fb434]" name="afterMethod" is-config="true" duration-ms="0" started-at="2023-02-03T11:47:08Z" finished-at="2023-02-03T11:47:08Z">
          <params>
            <param index="0">
              <value>
                <![CDATA[[TestResult name=cartPageNavigation status=FAILURE method=FlipkartTest.cartPageNavigation()[pri:2, instance:sample.JenkinsEmailNotification.FlipkartTest@380fb434] output={null}]]]>
              </value>
            </param>
          </params>
          <reporter-output>
          </reporter-output>
        </test-method> <!-- afterMethod -->
        <test-method status="PASS" signature="tearDown()[pri:0, instance:sample.JenkinsEmailNotification.FlipkartTest@380fb434]" name="tearDown" is-config="true" duration-ms="958" started-at="2023-02-03T11:47:08Z" finished-at="2023-02-03T11:47:09Z">
          <reporter-output>
          </reporter-output>
        </test-method> <!-- tearDown -->
      </class> <!-- sample.JenkinsEmailNotification.FlipkartTest -->
    </test> <!-- Test -->
  </suite> <!-- Suite -->
</testng-results>
